{"C:\\Users\\BDLV\\Google Drive\\0. Now\\0. Last Project\\FEND-Capstone---Travel-App\\src\\client\\js\\postFunc.js": {"path":"C:\\Users\\BDLV\\Google Drive\\0. Now\\0. Last Project\\FEND-Capstone---Travel-App\\src\\client\\js\\postFunc.js","statementMap":{"0":{"start":{"line":1,"column":14},"end":{"line":1,"column":38}},"1":{"start":{"line":4,"column":2},"end":{"line":10,"column":3}},"2":{"start":{"line":5,"column":21},"end":{"line":5,"column":50}},"3":{"start":{"line":6,"column":4},"end":{"line":6,"column":26}},"4":{"start":{"line":7,"column":4},"end":{"line":7,"column":20}},"5":{"start":{"line":9,"column":4},"end":{"line":9,"column":25}}},"fnMap":{"0":{"name":"postData","decl":{"start":{"line":3,"column":15},"end":{"line":3,"column":23}},"loc":{"start":{"line":3,"column":46},"end":{"line":11,"column":1}},"line":3}},"branchMap":{"0":{"loc":{"start":{"line":3,"column":25},"end":{"line":3,"column":34}},"type":"default-arg","locations":[{"start":{"line":3,"column":31},"end":{"line":3,"column":34}}],"line":3},"1":{"loc":{"start":{"line":3,"column":36},"end":{"line":3,"column":45}},"type":"default-arg","locations":[{"start":{"line":3,"column":43},"end":{"line":3,"column":45}}],"line":3}},"s":{"0":1,"1":1,"2":1,"3":0,"4":0,"5":0},"f":{"0":1},"b":{"0":[0],"1":[1]},"_coverageSchema":"1a1c01bbd47fc00a2c39e90264f33305004495a9","hash":"fc2e8193cd5b2265323f3c88470e2c6301b8335c"}
,"C:\\Users\\BDLV\\Google Drive\\0. Now\\0. Last Project\\FEND-Capstone---Travel-App\\src\\server\\mockAPI.js": {"path":"C:\\Users\\BDLV\\Google Drive\\0. Now\\0. Last Project\\FEND-Capstone---Travel-App\\src\\server\\mockAPI.js","statementMap":{"0":{"start":{"line":1,"column":14},"end":{"line":1,"column":38}},"1":{"start":{"line":2,"column":0},"end":{"line":2,"column":26}},"2":{"start":{"line":4,"column":15},"end":{"line":4,"column":17}},"3":{"start":{"line":9,"column":19},"end":{"line":9,"column":48}},"4":{"start":{"line":10,"column":22},"end":{"line":10,"column":54}},"5":{"start":{"line":11,"column":23},"end":{"line":11,"column":56}},"6":{"start":{"line":12,"column":21},"end":{"line":12,"column":52}},"7":{"start":{"line":13,"column":28},"end":{"line":13,"column":66}},"8":{"start":{"line":14,"column":26},"end":{"line":14,"column":62}},"9":{"start":{"line":15,"column":23},"end":{"line":15,"column":56}},"10":{"start":{"line":16,"column":4},"end":{"line":16,"column":47}},"11":{"start":{"line":18,"column":20},"end":{"line":18,"column":63}},"12":{"start":{"line":19,"column":22},"end":{"line":19,"column":46}},"13":{"start":{"line":20,"column":20},"end":{"line":20,"column":45}},"14":{"start":{"line":21,"column":20},"end":{"line":21,"column":33}},"15":{"start":{"line":23,"column":21},"end":{"line":23,"column":41}},"16":{"start":{"line":25,"column":17},"end":{"line":25,"column":59}},"17":{"start":{"line":26,"column":14},"end":{"line":26,"column":28}},"18":{"start":{"line":28,"column":22},"end":{"line":35,"column":9}},"19":{"start":{"line":36,"column":17},"end":{"line":36,"column":37}},"20":{"start":{"line":37,"column":4},"end":{"line":50,"column":3}},"21":{"start":{"line":38,"column":15},"end":{"line":38,"column":34}},"22":{"start":{"line":40,"column":4},"end":{"line":40,"column":49}},"23":{"start":{"line":41,"column":4},"end":{"line":41,"column":50}},"24":{"start":{"line":43,"column":4},"end":{"line":47,"column":5}},"25":{"start":{"line":44,"column":8},"end":{"line":44,"column":106}},"26":{"start":{"line":46,"column":8},"end":{"line":46,"column":97}},"27":{"start":{"line":49,"column":4},"end":{"line":49,"column":25}},"28":{"start":{"line":54,"column":18},"end":{"line":54,"column":35}},"29":{"start":{"line":55,"column":19},"end":{"line":55,"column":37}},"30":{"start":{"line":56,"column":20},"end":{"line":56,"column":67}},"31":{"start":{"line":57,"column":16},"end":{"line":57,"column":39}},"32":{"start":{"line":58,"column":14},"end":{"line":58,"column":32}},"33":{"start":{"line":59,"column":15},"end":{"line":59,"column":34}},"34":{"start":{"line":60,"column":21},"end":{"line":60,"column":55}},"35":{"start":{"line":61,"column":20},"end":{"line":61,"column":50}},"36":{"start":{"line":63,"column":21},"end":{"line":63,"column":61}},"37":{"start":{"line":64,"column":4},"end":{"line":64,"column":38}},"38":{"start":{"line":70,"column":19},"end":{"line":77,"column":5}},"39":{"start":{"line":78,"column":16},"end":{"line":78,"column":37}},"40":{"start":{"line":79,"column":4},"end":{"line":92,"column":3}},"41":{"start":{"line":80,"column":18},"end":{"line":80,"column":32}},"42":{"start":{"line":81,"column":4},"end":{"line":81,"column":51}},"43":{"start":{"line":82,"column":4},"end":{"line":82,"column":51}},"44":{"start":{"line":83,"column":4},"end":{"line":83,"column":43}},"45":{"start":{"line":84,"column":4},"end":{"line":84,"column":47}},"46":{"start":{"line":85,"column":4},"end":{"line":85,"column":42}},"47":{"start":{"line":87,"column":4},"end":{"line":87,"column":22}},"48":{"start":{"line":88,"column":4},"end":{"line":88,"column":30}},"49":{"start":{"line":91,"column":4},"end":{"line":91,"column":25}},"50":{"start":{"line":96,"column":18},"end":{"line":96,"column":35}},"51":{"start":{"line":97,"column":19},"end":{"line":97,"column":37}},"52":{"start":{"line":98,"column":20},"end":{"line":98,"column":68}},"53":{"start":{"line":99,"column":16},"end":{"line":99,"column":39}},"54":{"start":{"line":100,"column":14},"end":{"line":100,"column":32}},"55":{"start":{"line":101,"column":15},"end":{"line":101,"column":34}},"56":{"start":{"line":102,"column":21},"end":{"line":102,"column":50}},"57":{"start":{"line":103,"column":19},"end":{"line":103,"column":46}},"58":{"start":{"line":105,"column":24},"end":{"line":105,"column":64}},"59":{"start":{"line":106,"column":19},"end":{"line":113,"column":5}},"60":{"start":{"line":115,"column":16},"end":{"line":115,"column":37}},"61":{"start":{"line":117,"column":4},"end":{"line":130,"column":3}},"62":{"start":{"line":118,"column":18},"end":{"line":118,"column":32}},"63":{"start":{"line":119,"column":4},"end":{"line":119,"column":51}},"64":{"start":{"line":120,"column":4},"end":{"line":120,"column":51}},"65":{"start":{"line":121,"column":4},"end":{"line":121,"column":43}},"66":{"start":{"line":122,"column":4},"end":{"line":122,"column":47}},"67":{"start":{"line":123,"column":4},"end":{"line":123,"column":42}},"68":{"start":{"line":125,"column":4},"end":{"line":125,"column":22}},"69":{"start":{"line":126,"column":4},"end":{"line":126,"column":30}},"70":{"start":{"line":129,"column":4},"end":{"line":129,"column":25}},"71":{"start":{"line":135,"column":18},"end":{"line":135,"column":26}},"72":{"start":{"line":136,"column":20},"end":{"line":136,"column":47}},"73":{"start":{"line":137,"column":16},"end":{"line":137,"column":38}},"74":{"start":{"line":138,"column":17},"end":{"line":138,"column":38}},"75":{"start":{"line":139,"column":23},"end":{"line":139,"column":42}},"76":{"start":{"line":141,"column":17},"end":{"line":141,"column":46}},"77":{"start":{"line":143,"column":19},"end":{"line":150,"column":5}},"78":{"start":{"line":152,"column":13},"end":{"line":152,"column":34}},"79":{"start":{"line":153,"column":4},"end":{"line":160,"column":3}},"80":{"start":{"line":154,"column":22},"end":{"line":154,"column":37}},"81":{"start":{"line":155,"column":23},"end":{"line":155,"column":55}},"82":{"start":{"line":156,"column":4},"end":{"line":156,"column":43}},"83":{"start":{"line":157,"column":4},"end":{"line":157,"column":24}},"84":{"start":{"line":159,"column":4},"end":{"line":159,"column":25}},"85":{"start":{"line":165,"column":21},"end":{"line":165,"column":32}},"86":{"start":{"line":166,"column":20},"end":{"line":166,"column":57}},"87":{"start":{"line":167,"column":18},"end":{"line":167,"column":34}},"88":{"start":{"line":169,"column":21},"end":{"line":169,"column":36}},"89":{"start":{"line":170,"column":4},"end":{"line":170,"column":38}},"90":{"start":{"line":172,"column":19},"end":{"line":179,"column":5}},"91":{"start":{"line":180,"column":18},"end":{"line":180,"column":39}},"92":{"start":{"line":181,"column":4},"end":{"line":199,"column":3}},"93":{"start":{"line":182,"column":28},"end":{"line":182,"column":44}},"94":{"start":{"line":183,"column":4},"end":{"line":183,"column":58}},"95":{"start":{"line":185,"column":4},"end":{"line":185,"column":65}},"96":{"start":{"line":187,"column":4},"end":{"line":187,"column":57}},"97":{"start":{"line":188,"column":4},"end":{"line":188,"column":39}},"98":{"start":{"line":189,"column":4},"end":{"line":189,"column":52}},"99":{"start":{"line":190,"column":4},"end":{"line":190,"column":58}},"100":{"start":{"line":192,"column":4},"end":{"line":192,"column":48}},"101":{"start":{"line":193,"column":4},"end":{"line":193,"column":60}},"102":{"start":{"line":194,"column":4},"end":{"line":194,"column":56}},"103":{"start":{"line":195,"column":4},"end":{"line":195,"column":39}},"104":{"start":{"line":198,"column":4},"end":{"line":198,"column":25}},"105":{"start":{"line":203,"column":2},"end":{"line":206,"column":30}}},"fnMap":{"0":{"name":"apiCall","decl":{"start":{"line":7,"column":15},"end":{"line":7,"column":22}},"loc":{"start":{"line":7,"column":32},"end":{"line":51,"column":5}},"line":7},"1":{"name":"weatherbitHist","decl":{"start":{"line":53,"column":15},"end":{"line":53,"column":29}},"loc":{"start":{"line":53,"column":113},"end":{"line":93,"column":1}},"line":53},"2":{"name":"weatherbitForec","decl":{"start":{"line":95,"column":15},"end":{"line":95,"column":30}},"loc":{"start":{"line":95,"column":104},"end":{"line":131,"column":1}},"line":95},"3":{"name":"pixabay","decl":{"start":{"line":134,"column":15},"end":{"line":134,"column":22}},"loc":{"start":{"line":134,"column":32},"end":{"line":161,"column":1}},"line":134},"4":{"name":"restcountries","decl":{"start":{"line":164,"column":15},"end":{"line":164,"column":28}},"loc":{"start":{"line":164,"column":42},"end":{"line":200,"column":1}},"line":164}},"branchMap":{"0":{"loc":{"start":{"line":43,"column":4},"end":{"line":47,"column":5}},"type":"if","locations":[{"start":{"line":43,"column":4},"end":{"line":47,"column":5}},{"start":{"line":43,"column":4},"end":{"line":47,"column":5}}],"line":43}},"s":{"0":1,"1":1,"2":1,"3":1,"4":0,"5":0,"6":0,"7":0,"8":0,"9":0,"10":0,"11":0,"12":0,"13":0,"14":0,"15":0,"16":0,"17":0,"18":0,"19":0,"20":0,"21":0,"22":0,"23":0,"24":0,"25":0,"26":0,"27":0,"28":0,"29":0,"30":0,"31":0,"32":0,"33":0,"34":0,"35":0,"36":0,"37":0,"38":0,"39":0,"40":0,"41":0,"42":0,"43":0,"44":0,"45":0,"46":0,"47":0,"48":0,"49":0,"50":0,"51":0,"52":0,"53":0,"54":0,"55":0,"56":0,"57":0,"58":0,"59":0,"60":0,"61":0,"62":0,"63":0,"64":0,"65":0,"66":0,"67":0,"68":0,"69":0,"70":0,"71":0,"72":0,"73":0,"74":0,"75":0,"76":0,"77":0,"78":0,"79":0,"80":0,"81":0,"82":0,"83":0,"84":0,"85":0,"86":0,"87":0,"88":0,"89":0,"90":0,"91":0,"92":0,"93":0,"94":0,"95":0,"96":0,"97":0,"98":0,"99":0,"100":0,"101":0,"102":0,"103":0,"104":0,"105":1},"f":{"0":1,"1":0,"2":0,"3":0,"4":0},"b":{"0":[0,0]},"_coverageSchema":"1a1c01bbd47fc00a2c39e90264f33305004495a9","hash":"5f6ee0d9d53e4359449a27187ce31890cde20299"}
}
