TN:
SF:src\client\js\postFunc.js
FN:3,postData
FNF:1
FNH:1
FNDA:1,postData
DA:1,1
DA:4,1
DA:5,1
DA:6,0
DA:7,0
DA:9,0
LF:6
LH:3
BRDA:3,0,0,0
BRDA:3,1,0,1
BRF:2
BRH:1
end_of_record
TN:
SF:src\server\mockAPI.js
FN:6,apiCall
FNF:1
FNH:1
FNDA:1,apiCall
DA:1,1
DA:2,1
DA:3,1
DA:4,1
DA:7,1
DA:8,1
DA:9,0
DA:10,0
DA:11,0
DA:12,0
DA:13,0
DA:14,0
DA:15,0
DA:16,0
DA:17,0
DA:21,0
DA:22,0
DA:23,0
DA:31,0
DA:34,0
DA:35,0
DA:38,0
DA:39,0
DA:40,0
DA:41,0
DA:42,0
DA:43,0
DA:74,1
LF:28
LH:7
BRF:0
BRH:0
end_of_record
